*** Using Compiler 'V5.06 update 6 (build 750)', folder: 'D:\LangYa\Software\Keil\Keil5\ARM\ARMCC\Bin'
Build target 'HUST-RM-Master'
compiling SteeringEngine.c...
compiling can1.c...
compiling laser.c...
compiling tim4.c...
compiling MicroSw.c...
compiling FrictionWheel.c...
compiling can2.c...
compiling main.c...
compiling gpio.c...
compiling usart3.c...
compiling pc_serial.c...
compiling usart4_gryo.c...
compiling counter.c...
compiling algorithmOfCRC.c...
compiling MySensors.c...
compiling pid.c...
compiling queueData.c...
compiling TD.c...
compiling DataSendTask.c...
..\Task\DataSendTask.c(699): warning:  #223-D: function "SendtoPC" declared implicitly
  		SendtoPC();
..\Task\DataSendTask.c: 1 warning, 0 errors
compiling ShootTask.c...
..\Task\ShootTask.c(71): warning:  #1035-D: single-precision operand implicitly converted to double-precision
  	if(PidFrictionSpeed[0].PreError>100 && PidFrictionSpeed[0].PreError < 1000.0)//满足掉速要求
..\Task\ShootTask.c(228): warning:  #550-D: variable "ShootContinue_init_flag"  was set but never used
  	static int ShootContinue_init_flag=0;
..\Task\ShootTask.c(389): warning:  #1035-D: single-precision operand implicitly converted to double-precision
  					MirocPosition = -k_onegrid * Onegrid * 0.8;         //控制频率很快，需要放慢拨弹速度
..\Task\ShootTask.c(405): warning:  #1035-D: single-precision operand implicitly converted to double-precision
  					MirocPosition = -k_onegrid * Onegrid * 0.1;
..\Task\ShootTask.c: 4 warnings, 0 errors
compiling ZeroCheckTask.c...
compiling DataReceiveTask.c...
..\Task\DataReceiveTask.c(403): warning:  #1-D: last line of file ends without a newline
  //}
..\Task\DataReceiveTask.c: 1 warning, 0 errors
compiling ActionTask.c...
..\Task\ActionTask.c(351): warning:  #177-D: variable "waitb"  was declared but never referenced
  	static int waitb = 0;
..\Task\ActionTask.c: 1 warning, 0 errors
compiling GimbalTask.c...
compiling Start_Task.c...
compiling ControlTask.c...
compiling CPU_Task.c...
compiling ChassisTask.c...
linking...
Program Size: Code=57460 RO-data=3852 RW-data=1112 ZI-data=19864  
"..\OBJ\HUST-RM-Master.axf" - 0 Error(s), 7 Warning(s).
Build Time Elapsed:  00:00:05
